TN:
SF:index.js
FN:5,StartServer
FN:32,(anonymous_1)
FN:44,(anonymous_2)
FN:54,(anonymous_3)
FN:63,(anonymous_4)
FN:67,(anonymous_5)
FN:68,(anonymous_6)
FNF:7
FNH:4
FNDA:9,StartServer
FNDA:0,(anonymous_1)
FNDA:1,(anonymous_2)
FNDA:2,(anonymous_3)
FNDA:2,(anonymous_4)
FNDA:0,(anonymous_5)
FNDA:0,(anonymous_6)
DA:1,3
DA:2,3
DA:3,3
DA:6,9
DA:8,9
DA:25,9
DA:26,0
DA:30,3
DA:32,3
DA:33,0
DA:34,0
DA:35,0
DA:36,0
DA:38,0
DA:40,0
DA:44,3
DA:45,1
DA:47,1
DA:48,14
DA:49,0
DA:54,3
DA:55,2
DA:56,2
DA:57,1
DA:59,1
DA:63,3
DA:64,2
DA:67,3
DA:68,0
DA:69,0
DA:70,0
DA:71,0
DA:75,3
DA:77,3
LF:34
LH:22
BRDA:25,0,0,0
BRDA:25,0,1,9
BRDA:48,1,0,0
BRDA:48,1,1,14
BRF:4
BRH:2
end_of_record
TN:
SF:src/config/Database.js
FN:5,Database
FN:22,(anonymous_1)
FN:30,(anonymous_2)
FN:38,(anonymous_3)
FNF:4
FNH:1
FNDA:9,Database
FNDA:0,(anonymous_1)
FNDA:0,(anonymous_2)
FNDA:0,(anonymous_3)
DA:1,8
DA:3,8
DA:6,9
DA:7,9
DA:8,9
DA:9,9
DA:11,9
DA:22,8
DA:23,0
DA:24,0
DA:26,0
DA:30,8
DA:31,0
DA:32,0
DA:34,0
DA:38,8
DA:39,0
DA:40,0
DA:44,8
LF:19
LH:11
BRDA:39,0,0,0
BRDA:39,0,1,0
BRF:2
BRH:0
end_of_record
TN:
SF:src/config/setupServer.js
FNF:0
FNH:0
DA:1,3
DA:2,3
DA:4,3
DA:5,3
DA:6,3
DA:7,3
DA:8,3
DA:9,3
DA:10,3
DA:11,3
DA:12,3
DA:13,3
DA:14,3
DA:16,3
DA:18,3
DA:19,3
DA:20,3
DA:22,3
DA:23,3
DA:24,3
DA:25,3
DA:26,3
DA:27,3
DA:28,3
DA:29,3
DA:30,3
DA:31,3
DA:32,3
DA:34,3
LF:29
LH:29
BRF:0
BRH:0
end_of_record
TN:
SF:src/controllers/renewTokenController.js
FN:6,(anonymous_0)
FNF:1
FNH:0
FNDA:0,(anonymous_0)
DA:2,3
DA:4,3
DA:6,3
DA:7,0
DA:9,0
DA:10,0
DA:11,0
DA:12,0
DA:14,0
DA:21,0
LF:10
LH:3
BRF:0
BRH:0
end_of_record
TN:
SF:src/controllers/products/createProductController.js
FN:3,(anonymous_0)
FNF:1
FNH:0
FNDA:0,(anonymous_0)
DA:1,3
DA:3,3
DA:6,0
DA:8,0
DA:9,0
DA:12,0
DA:13,0
DA:15,0
DA:16,0
DA:19,0
DA:21,0
DA:22,0
LF:12
LH:2
BRDA:8,0,0,0
BRDA:8,0,1,0
BRDA:8,1,0,0
BRDA:8,1,1,0
BRDA:8,1,2,0
BRDA:8,1,3,0
BRDA:8,1,4,0
BRDA:8,1,5,0
BRDA:8,1,6,0
BRDA:15,2,0,0
BRDA:15,2,1,0
BRF:11
BRH:0
end_of_record
TN:
SF:src/controllers/products/deleteProductController.js
FN:3,(anonymous_0)
FNF:1
FNH:0
FNDA:0,(anonymous_0)
DA:1,3
DA:3,3
DA:4,0
DA:6,0
DA:7,0
DA:10,0
DA:11,0
DA:12,0
DA:14,0
DA:15,0
DA:18,0
DA:20,0
DA:22,0
LF:13
LH:2
BRDA:6,0,0,0
BRDA:6,0,1,0
BRDA:14,1,0,0
BRDA:14,1,1,0
BRF:4
BRH:0
end_of_record
TN:
SF:src/controllers/products/searchAllProductsController.js
FN:3,(anonymous_0)
FN:10,(anonymous_1)
FNF:2
FNH:0
FNDA:0,(anonymous_0)
FNDA:0,(anonymous_1)
DA:1,3
DA:3,3
DA:4,0
DA:5,0
DA:6,0
DA:8,0
DA:10,0
DA:12,0
DA:13,0
DA:16,0
DA:18,0
DA:19,0
LF:12
LH:2
BRDA:8,0,0,0
BRDA:8,0,1,0
BRF:2
BRH:0
end_of_record
TN:
SF:src/controllers/products/searchByCategoryController.js
FN:3,(anonymous_0)
FN:13,(anonymous_1)
FNF:2
FNH:0
FNDA:0,(anonymous_0)
FNDA:0,(anonymous_1)
DA:1,3
DA:3,3
DA:4,0
DA:5,0
DA:6,0
DA:8,0
DA:9,0
DA:11,0
DA:13,0
DA:15,0
DA:16,0
DA:18,0
DA:20,0
DA:21,0
LF:14
LH:2
BRDA:6,0,0,0
BRDA:6,0,1,0
BRDA:11,1,0,0
BRDA:11,1,1,0
BRF:4
BRH:0
end_of_record
TN:
SF:src/controllers/products/updateProductController.js
FN:3,(anonymous_0)
FNF:1
FNH:0
FNDA:0,(anonymous_0)
DA:1,3
DA:3,3
DA:6,0
DA:8,0
DA:9,0
DA:12,0
DA:13,0
DA:14,0
DA:16,0
DA:19,0
LF:10
LH:2
BRDA:8,0,0,0
BRDA:8,0,1,0
BRDA:8,1,0,0
BRDA:8,1,1,0
BRDA:8,1,2,0
BRDA:8,1,3,0
BRDA:8,1,4,0
BRDA:8,1,5,0
BRDA:8,1,6,0
BRF:9
BRH:0
end_of_record
TN:
SF:src/controllers/productsAssessments/addPhotoToAssessmentsController.js
FN:3,(anonymous_0)
FNF:1
FNH:0
FNDA:0,(anonymous_0)
DA:1,3
DA:3,3
DA:4,0
DA:5,0
DA:7,0
DA:8,0
DA:9,0
DA:11,0
DA:12,0
DA:15,0
LF:10
LH:2
BRF:0
BRH:0
end_of_record
TN:
SF:src/controllers/productsAssessments/createAssessmentsController.js
FN:6,(anonymous_0)
FNF:1
FNH:0
FNDA:0,(anonymous_0)
DA:1,3
DA:2,3
DA:4,3
DA:6,3
DA:9,0
DA:11,0
DA:12,0
DA:13,0
DA:15,0
DA:16,0
DA:19,0
DA:20,0
DA:21,0
DA:23,0
DA:24,0
DA:27,0
LF:16
LH:4
BRDA:15,0,0,0
BRDA:15,0,1,0
BRDA:15,1,0,0
BRDA:15,1,1,0
BRDA:15,1,2,0
BRF:5
BRH:0
end_of_record
TN:
SF:src/controllers/productsAssessments/updateAssessmentsController.js
FN:6,(anonymous_0)
FNF:1
FNH:0
FNDA:0,(anonymous_0)
DA:1,3
DA:2,3
DA:4,3
DA:6,3
DA:7,0
DA:10,0
DA:12,0
DA:13,0
DA:14,0
DA:16,0
DA:18,0
DA:19,0
DA:21,0
DA:23,0
DA:25,0
LF:15
LH:4
BRDA:16,0,0,0
BRDA:16,0,1,0
BRDA:16,1,0,0
BRDA:16,1,1,0
BRDA:16,1,2,0
BRDA:16,1,3,0
BRDA:21,2,0,0
BRDA:21,2,1,0
BRF:8
BRH:0
end_of_record
TN:
SF:src/controllers/users/authController.js
FN:3,(anonymous_0)
FNF:1
FNH:0
FNDA:0,(anonymous_0)
DA:1,3
DA:3,3
DA:4,0
DA:6,0
DA:8,0
DA:9,0
DA:10,0
DA:12,0
DA:19,0
LF:9
LH:2
BRDA:6,0,0,0
BRDA:6,0,1,0
BRDA:6,1,0,0
BRDA:6,1,1,0
BRF:4
BRH:0
end_of_record
TN:
SF:src/controllers/users/createAccountController.js
FN:4,(anonymous_0)
FNF:1
FNH:0
FNDA:0,(anonymous_0)
DA:1,3
DA:2,3
DA:4,3
DA:7,0
DA:9,0
DA:10,0
DA:13,0
DA:14,0
DA:15,0
DA:17,0
DA:19,0
DA:21,0
DA:26,0
LF:13
LH:3
BRDA:9,0,0,0
BRDA:9,0,1,0
BRDA:17,1,0,0
BRDA:17,1,1,0
BRF:4
BRH:0
end_of_record
TN:
SF:src/middlewares/verifyAuthorizarion.js
FN:7,verify
FNF:1
FNH:0
FNDA:0,verify
DA:1,3
DA:3,3
DA:5,3
DA:8,0
DA:10,0
DA:11,0
DA:14,0
DA:16,0
DA:17,0
DA:18,0
DA:20,0
DA:21,0
DA:23,0
DA:24,0
DA:26,0
DA:29,0
DA:33,3
LF:17
LH:4
BRDA:10,0,0,0
BRDA:10,0,1,0
BRDA:14,1,0,0
BRDA:14,1,1,0
BRDA:23,2,0,0
BRDA:23,2,1,0
BRF:6
BRH:0
end_of_record
TN:
SF:src/middlewares/verifyToken.js
FN:5,verifyToken
FNF:1
FNH:0
FNDA:0,verifyToken
DA:1,3
DA:3,3
DA:6,0
DA:8,0
DA:9,0
DA:12,0
DA:13,0
DA:14,0
DA:16,0
DA:20,3
LF:10
LH:3
BRDA:8,0,0,0
BRDA:8,0,1,0
BRF:2
BRH:0
end_of_record
TN:
SF:src/models/products/CreateProductModel.js
FN:3,RegisterProduct
FN:11,(anonymous_1)
FNF:2
FNH:2
FNDA:2,RegisterProduct
FNDA:2,(anonymous_1)
DA:1,4
DA:4,2
DA:6,2
DA:9,4
DA:11,4
DA:12,2
DA:13,2
DA:14,2
DA:15,2
DA:16,1
DA:17,1
DA:19,0
DA:22,1
DA:24,2
DA:28,4
LF:15
LH:14
BRDA:16,0,0,1
BRDA:16,0,1,0
BRF:2
BRH:1
end_of_record
TN:
SF:src/models/products/DeleteProductModel.js
FN:3,DeleteProduct
FN:10,(anonymous_1)
FNF:2
FNH:2
FNDA:2,DeleteProduct
FNDA:2,(anonymous_1)
DA:1,4
DA:4,2
DA:5,2
DA:8,4
DA:10,4
DA:11,2
DA:12,2
DA:13,2
DA:14,2
DA:16,1
DA:17,1
DA:19,0
DA:22,1
DA:24,2
DA:28,4
LF:15
LH:14
BRDA:16,0,0,1
BRDA:16,0,1,0
BRF:2
BRH:1
end_of_record
TN:
SF:src/models/products/SearchAllProductsModel.js
FN:3,SearchAllProducts
FN:9,(anonymous_1)
FNF:2
FNH:2
FNDA:3,SearchAllProducts
FNDA:3,(anonymous_1)
DA:1,4
DA:4,3
DA:7,4
DA:9,4
DA:10,3
DA:11,3
DA:12,3
DA:13,3
DA:14,2
DA:15,1
DA:17,1
DA:20,1
DA:22,3
DA:26,4
LF:14
LH:14
BRDA:14,0,0,1
BRDA:14,0,1,1
BRF:2
BRH:2
end_of_record
TN:
SF:src/models/products/SearchByCategoryModel.js
FN:3,SearchByCategory
FN:11,(anonymous_1)
FNF:2
FNH:2
FNDA:3,SearchByCategory
FNDA:3,(anonymous_1)
DA:1,4
DA:4,3
DA:6,3
DA:9,4
DA:11,4
DA:12,3
DA:13,3
DA:14,3
DA:15,3
DA:16,2
DA:17,1
DA:19,1
DA:22,1
DA:24,3
DA:28,4
LF:15
LH:15
BRDA:16,0,0,1
BRDA:16,0,1,1
BRF:2
BRH:2
end_of_record
TN:
SF:src/models/products/SearchProductModel.js
FN:3,SearchProduct
FN:11,(anonymous_1)
FNF:2
FNH:0
FNDA:0,SearchProduct
FNDA:0,(anonymous_1)
DA:1,3
DA:4,0
DA:6,0
DA:9,3
DA:11,3
DA:12,0
DA:13,0
DA:14,0
DA:15,0
DA:16,0
DA:17,0
DA:19,0
DA:22,0
DA:24,0
DA:28,3
LF:15
LH:4
BRDA:16,0,0,0
BRDA:16,0,1,0
BRF:2
BRH:0
end_of_record
TN:
SF:src/models/products/UpdateProductModel.js
FN:3,UpdateProduct
FN:10,(anonymous_1)
FNF:2
FNH:2
FNDA:2,UpdateProduct
FNDA:2,(anonymous_1)
DA:1,4
DA:4,2
DA:5,2
DA:8,4
DA:10,4
DA:11,2
DA:12,2
DA:13,2
DA:14,2
DA:16,1
DA:18,2
DA:22,4
LF:12
LH:12
BRF:0
BRH:0
end_of_record
TN:
SF:src/models/productsAssessments/AddPhotoToAssessmentsModel.js
FN:3,AddPhotoToAssessments
FN:14,(anonymous_1)
FNF:2
FNH:0
FNDA:0,AddPhotoToAssessments
FNDA:0,(anonymous_1)
DA:1,3
DA:4,0
DA:6,0
DA:7,0
DA:8,0
DA:9,0
DA:12,3
DA:14,3
DA:15,0
DA:16,0
DA:17,0
DA:18,0
DA:20,0
DA:22,0
DA:26,3
LF:15
LH:4
BRF:0
BRH:0
end_of_record
TN:
SF:src/models/productsAssessments/CreateAssessmentsModel.js
FN:3,CreateAssessment
FN:14,(anonymous_1)
FNF:2
FNH:0
FNDA:0,CreateAssessment
FNDA:0,(anonymous_1)
DA:1,3
DA:4,0
DA:6,0
DA:7,0
DA:8,0
DA:9,0
DA:12,3
DA:14,3
DA:15,0
DA:17,0
DA:18,0
DA:19,0
DA:21,0
DA:23,0
DA:27,3
LF:15
LH:4
BRF:0
BRH:0
end_of_record
TN:
SF:src/models/productsAssessments/FindAssessmentModel.js
FN:3,FindAssessment
FN:11,(anonymous_1)
FNF:2
FNH:0
FNDA:0,FindAssessment
FNDA:0,(anonymous_1)
DA:1,3
DA:4,0
DA:6,0
DA:9,3
DA:11,3
DA:12,0
DA:13,0
DA:14,0
DA:15,0
DA:17,0
DA:18,0
DA:20,0
DA:23,0
DA:25,0
DA:29,3
LF:15
LH:4
BRDA:17,0,0,0
BRDA:17,0,1,0
BRF:2
BRH:0
end_of_record
TN:
SF:src/models/productsAssessments/UpdateAssessmentsModel.js
FN:3,UpdateComentsModel
FN:13,(anonymous_1)
FNF:2
FNH:0
FNDA:0,UpdateComentsModel
FNDA:0,(anonymous_1)
DA:1,3
DA:4,0
DA:6,0
DA:7,0
DA:8,0
DA:11,3
DA:13,3
DA:14,0
DA:15,0
DA:16,0
DA:17,0
DA:19,0
DA:21,0
DA:25,3
LF:14
LH:4
BRF:0
BRH:0
end_of_record
TN:
SF:src/models/users/CreateAccountModel.js
FN:3,RegisterAccount
FN:6,(anonymous_1)
FN:13,(anonymous_2)
FN:17,(anonymous_3)
FNF:4
FNH:0
FNDA:0,RegisterAccount
FNDA:0,(anonymous_1)
FNDA:0,(anonymous_2)
FNDA:0,(anonymous_3)
DA:1,3
DA:4,0
DA:6,0
DA:8,0
DA:11,3
DA:13,3
DA:14,0
DA:17,3
DA:18,0
DA:19,0
DA:20,0
DA:21,0
DA:23,0
DA:25,0
DA:29,3
LF:15
LH:5
BRDA:6,0,0,0
BRDA:6,0,1,0
BRF:2
BRH:0
end_of_record
TN:
SF:src/models/users/FindUserModel.js
FN:3,FindUser
FN:11,(anonymous_1)
FNF:2
FNH:0
FNDA:0,FindUser
FNDA:0,(anonymous_1)
DA:1,3
DA:4,0
DA:6,0
DA:9,3
DA:11,3
DA:12,0
DA:13,0
DA:14,0
DA:15,0
DA:17,0
DA:18,0
DA:20,0
DA:23,0
DA:25,0
DA:29,3
LF:15
LH:4
BRDA:17,0,0,0
BRDA:17,0,1,0
BRF:2
BRH:0
end_of_record
TN:
SF:src/models/users/SearchUserModel.js
FN:3,SearchUser
FN:11,(anonymous_1)
FNF:2
FNH:0
FNDA:0,SearchUser
FNDA:0,(anonymous_1)
DA:1,3
DA:4,0
DA:6,0
DA:9,3
DA:11,3
DA:12,0
DA:13,0
DA:14,0
DA:15,0
DA:16,0
DA:17,0
DA:19,0
DA:22,0
DA:24,0
DA:28,3
LF:15
LH:4
BRDA:16,0,0,0
BRDA:16,0,1,0
BRF:2
BRH:0
end_of_record
TN:
SF:src/models/users/verifyAuthorizarionModel.js
FN:4,Verify
FN:12,(anonymous_1)
FNF:2
FNH:0
FNDA:0,Verify
FNDA:0,(anonymous_1)
DA:1,3
DA:2,3
DA:5,0
DA:7,0
DA:10,3
DA:12,3
DA:13,0
DA:14,0
DA:15,0
DA:16,0
DA:17,0
DA:18,0
DA:19,0
DA:20,0
DA:21,0
DA:22,0
DA:25,0
DA:27,0
DA:31,3
LF:19
LH:5
BRDA:17,0,0,0
BRDA:17,0,1,0
BRDA:19,1,0,0
BRDA:19,1,1,0
BRDA:21,2,0,0
BRDA:21,2,1,0
BRF:6
BRH:0
end_of_record
TN:
SF:src/routes/renewTokenRoute.js
FNF:0
FNH:0
DA:1,3
DA:3,3
DA:5,3
DA:7,3
DA:9,3
LF:5
LH:5
BRF:0
BRH:0
end_of_record
TN:
SF:src/routes/products/createProductRoute.js
FNF:0
FNH:0
DA:1,3
DA:2,3
DA:4,3
DA:6,3
DA:8,3
DA:10,3
DA:11,3
DA:13,3
DA:15,3
LF:9
LH:9
BRF:0
BRH:0
end_of_record
TN:
SF:src/routes/products/deleteProductRoute.js
FNF:0
FNH:0
DA:1,3
DA:3,3
DA:5,3
DA:7,3
DA:9,3
DA:11,3
LF:6
LH:6
BRF:0
BRH:0
end_of_record
TN:
SF:src/routes/products/searchAllProductsRoute.js
FNF:0
FNH:0
DA:1,3
DA:3,3
DA:5,3
DA:7,3
DA:9,3
LF:5
LH:5
BRF:0
BRH:0
end_of_record
TN:
SF:src/routes/products/searchByCategoryRoute.js
FNF:0
FNH:0
DA:1,3
DA:3,3
DA:5,3
DA:7,3
DA:9,3
LF:5
LH:5
BRF:0
BRH:0
end_of_record
TN:
SF:src/routes/products/updateProductRoute.js
FNF:0
FNH:0
DA:1,3
DA:2,3
DA:4,3
DA:6,3
DA:7,3
DA:9,3
DA:10,3
DA:12,3
DA:14,3
LF:9
LH:9
BRF:0
BRH:0
end_of_record
TN:
SF:src/routes/productsAssessments/addPhotoToAssessmentsRoute.js
FNF:0
FNH:0
DA:1,3
DA:2,3
DA:4,3
DA:5,3
DA:7,3
DA:9,3
DA:10,3
DA:12,3
DA:14,3
LF:9
LH:9
BRF:0
BRH:0
end_of_record
TN:
SF:src/routes/productsAssessments/createAssessmentRoute.js
FNF:0
FNH:0
DA:1,3
DA:3,3
DA:5,3
DA:6,3
DA:8,3
DA:10,3
LF:6
LH:6
BRF:0
BRH:0
end_of_record
TN:
SF:src/routes/productsAssessments/updateAssessmentsRoute.js
FNF:0
FNH:0
DA:1,3
DA:2,3
DA:3,3
DA:5,3
DA:7,3
DA:9,3
LF:6
LH:6
BRF:0
BRH:0
end_of_record
TN:
SF:src/routes/users/authRoute.js
FNF:0
FNH:0
DA:1,3
DA:3,3
DA:5,3
DA:7,3
DA:9,3
LF:5
LH:5
BRF:0
BRH:0
end_of_record
TN:
SF:src/routes/users/createAccountRoute.js
FNF:0
FNH:0
DA:1,3
DA:3,3
DA:5,3
DA:7,3
DA:9,3
LF:5
LH:5
BRF:0
BRH:0
end_of_record
TN:
SF:src/services/NodemailerService.js
FN:5,Nodemailer
FN:21,(anonymous_1)
FN:26,(anonymous_2)
FN:38,(anonymous_3)
FNF:4
FNH:0
FNDA:0,Nodemailer
FNDA:0,(anonymous_1)
FNDA:0,(anonymous_2)
FNDA:0,(anonymous_3)
DA:1,3
DA:3,3
DA:6,0
DA:7,0
DA:8,0
DA:9,0
DA:11,0
DA:18,0
DA:21,3
DA:22,0
DA:23,0
DA:26,3
DA:27,0
DA:35,0
DA:38,3
DA:39,0
DA:42,3
LF:17
LH:6
BRF:0
BRH:0
end_of_record
TN:
SF:src/services/products/CreateProductService.js
FN:7,CreateProduct
FN:17,(anonymous_1)
FN:41,(anonymous_2)
FNF:3
FNH:0
FNDA:0,CreateProduct
FNDA:0,(anonymous_1)
FNDA:0,(anonymous_2)
DA:1,3
DA:3,3
DA:5,3
DA:8,0
DA:9,0
DA:10,0
DA:11,0
DA:12,0
DA:13,0
DA:14,0
DA:17,3
DA:18,0
DA:19,0
DA:31,0
DA:32,0
DA:34,0
DA:35,0
DA:37,0
DA:41,3
DA:42,0
DA:43,0
DA:48,0
DA:49,0
DA:51,0
DA:52,0
DA:54,0
DA:61,0
DA:62,0
DA:64,0
DA:66,0
DA:70,3
LF:31
LH:6
BRDA:34,0,0,0
BRDA:34,0,1,0
BRF:2
BRH:0
end_of_record
TN:
SF:src/services/products/DeleteProductService.js
FN:8,DeleteProduct
FN:17,(anonymous_1)
FN:35,(anonymous_2)
FN:45,(anonymous_3)
FN:65,(anonymous_4)
FNF:5
FNH:0
FNDA:0,DeleteProduct
FNDA:0,(anonymous_1)
FNDA:0,(anonymous_2)
FNDA:0,(anonymous_3)
FNDA:0,(anonymous_4)
DA:1,3
DA:3,3
DA:5,3
DA:6,3
DA:9,0
DA:11,0
DA:17,3
DA:18,0
DA:19,0
DA:21,0
DA:23,0
DA:25,0
DA:26,0
DA:28,0
DA:29,0
DA:31,0
DA:35,3
DA:36,0
DA:37,0
DA:38,0
DA:39,0
DA:41,0
DA:45,3
DA:46,0
DA:47,0
DA:49,0
DA:55,0
DA:56,0
DA:58,0
DA:61,0
DA:65,3
DA:66,0
DA:67,0
DA:70,0
DA:71,0
DA:73,0
DA:78,0
DA:82,3
LF:38
LH:9
BRDA:21,0,0,0
BRDA:21,0,1,0
BRDA:21,1,0,0
BRDA:21,1,1,0
BRDA:28,2,0,0
BRDA:28,2,1,0
BRDA:55,3,0,0
BRDA:55,3,1,0
BRDA:66,4,0,0
BRDA:66,4,1,0
BRDA:66,5,0,0
BRDA:66,5,1,0
BRF:12
BRH:0
end_of_record
TN:
SF:src/services/products/UpdateProductService.js
FN:8,UpdateProduct
FN:24,(anonymous_1)
FN:48,(anonymous_2)
FN:64,(anonymous_3)
FN:85,(anonymous_4)
FN:98,(anonymous_5)
FN:104,(anonymous_6)
FNF:7
FNH:0
FNDA:0,UpdateProduct
FNDA:0,(anonymous_1)
FNDA:0,(anonymous_2)
FNDA:0,(anonymous_3)
FNDA:0,(anonymous_4)
FNDA:0,(anonymous_5)
FNDA:0,(anonymous_6)
DA:1,3
DA:3,3
DA:5,3
DA:6,3
DA:9,0
DA:10,0
DA:11,0
DA:12,0
DA:13,0
DA:14,0
DA:15,0
DA:16,0
DA:18,0
DA:24,3
DA:25,0
DA:26,0
DA:28,0
DA:41,0
DA:42,0
DA:44,0
DA:48,3
DA:49,0
DA:51,0
DA:53,0
DA:55,0
DA:57,0
DA:59,0
DA:61,0
DA:64,3
DA:65,0
DA:66,0
DA:68,0
DA:69,0
DA:71,0
DA:78,0
DA:80,0
DA:82,0
DA:85,3
DA:86,0
DA:87,0
DA:89,0
DA:94,0
DA:98,3
DA:99,0
DA:100,0
DA:101,0
DA:104,3
DA:105,0
DA:106,0
DA:108,0
DA:114,0
DA:115,0
DA:117,0
DA:120,0
DA:124,3
LF:55
LH:11
BRDA:51,0,0,0
BRDA:51,0,1,0
BRDA:55,1,0,0
BRDA:55,1,1,0
BRDA:114,2,0,0
BRDA:114,2,1,0
BRF:6
BRH:0
end_of_record
TN:
SF:src/services/productsAssessments/AddPhotoToAssessmentsService.js
FN:6,AddPhotoToAssessments
FN:11,(anonymous_1)
FN:18,(anonymous_2)
FNF:3
FNH:0
FNDA:0,AddPhotoToAssessments
FNDA:0,(anonymous_1)
FNDA:0,(anonymous_2)
DA:1,3
DA:2,3
DA:4,3
DA:7,0
DA:8,0
DA:11,3
DA:12,0
DA:13,0
DA:15,0
DA:18,3
DA:19,0
DA:24,0
DA:25,0
DA:27,0
DA:28,0
DA:30,0
DA:37,0
DA:39,0
DA:41,0
DA:44,3
LF:20
LH:6
BRF:0
BRH:0
end_of_record
TN:
SF:src/services/productsAssessments/CreateAssessmentsService.js
FN:3,CreateAssessments
FN:10,(anonymous_1)
FNF:2
FNH:0
FNDA:0,CreateAssessments
FNDA:0,(anonymous_1)
DA:1,3
DA:4,0
DA:5,0
DA:6,0
DA:7,0
DA:10,3
DA:11,0
DA:12,0
DA:15,3
LF:9
LH:3
BRF:0
BRH:0
end_of_record
TN:
SF:src/services/productsAssessments/UpdateAssessmentsService.js
FN:5,UpdateAssessemts
FN:12,(anonymous_1)
FN:25,(anonymous_2)
FNF:3
FNH:0
FNDA:0,UpdateAssessemts
FNDA:0,(anonymous_1)
FNDA:0,(anonymous_2)
DA:1,3
DA:2,3
DA:3,3
DA:6,0
DA:7,0
DA:8,0
DA:9,0
DA:12,3
DA:13,0
DA:14,0
DA:15,0
DA:16,0
DA:18,0
DA:19,0
DA:21,0
DA:25,3
DA:26,0
DA:27,0
DA:30,3
LF:19
LH:6
BRDA:18,0,0,0
BRDA:18,0,1,0
BRF:2
BRH:0
end_of_record
TN:
SF:src/services/users/AuthService.js
FN:10,AuthService
FN:15,(anonymous_1)
FN:22,(anonymous_2)
FN:28,(anonymous_3)
FN:48,(anonymous_4)
FNF:5
FNH:0
FNDA:0,AuthService
FNDA:0,(anonymous_1)
FNDA:0,(anonymous_2)
FNDA:0,(anonymous_3)
FNDA:0,(anonymous_4)
DA:1,3
DA:3,3
DA:4,3
DA:5,3
DA:6,3
DA:8,3
DA:11,0
DA:12,0
DA:15,3
DA:16,0
DA:17,0
DA:18,0
DA:19,0
DA:22,3
DA:23,0
DA:24,0
DA:28,3
DA:29,0
DA:31,0
DA:41,0
DA:43,0
DA:44,0
DA:48,3
DA:49,0
DA:50,0
DA:52,0
DA:53,0
DA:56,0
DA:58,0
DA:59,0
DA:61,0
DA:66,0
DA:71,3
LF:33
LH:11
BRDA:23,0,0,0
BRDA:23,0,1,0
BRDA:43,1,0,0
BRDA:43,1,1,0
BRDA:52,2,0,0
BRDA:52,2,1,0
BRDA:58,3,0,0
BRDA:58,3,1,0
BRF:8
BRH:0
end_of_record
TN:
SF:src/services/users/CreateAccountService.js
FN:10,CreateAccount
FN:19,(anonymous_1)
FN:25,(anonymous_2)
FN:31,(anonymous_3)
FN:55,(anonymous_4)
FN:64,(anonymous_5)
FNF:6
FNH:0
FNDA:0,CreateAccount
FNDA:0,(anonymous_1)
FNDA:0,(anonymous_2)
FNDA:0,(anonymous_3)
FNDA:0,(anonymous_4)
FNDA:0,(anonymous_5)
DA:2,3
DA:3,3
DA:4,3
DA:6,3
DA:7,3
DA:8,3
DA:11,0
DA:12,0
DA:13,0
DA:14,0
DA:16,0
DA:19,3
DA:20,0
DA:21,0
DA:22,0
DA:25,3
DA:26,0
DA:27,0
DA:31,3
DA:32,0
DA:33,0
DA:35,0
DA:45,0
DA:47,0
DA:48,0
DA:51,0
DA:55,3
DA:56,0
DA:58,0
DA:59,0
DA:61,0
DA:64,3
DA:65,0
DA:72,0
DA:74,0
DA:77,3
LF:36
LH:12
BRDA:26,0,0,0
BRDA:26,0,1,0
BRDA:32,1,0,0
BRDA:32,1,1,0
BRDA:47,2,0,0
BRDA:47,2,1,0
BRF:6
BRH:0
end_of_record
TN:
SF:src/utils/generateNickname.js
FN:1,generateRandomNickname
FNF:1
FNH:0
FNDA:0,generateRandomNickname
DA:2,0
DA:19,0
DA:33,0
DA:34,0
DA:36,0
DA:38,0
DA:39,0
DA:42,3
LF:8
LH:1
BRF:0
BRH:0
end_of_record
